<?xml version="1.0" encoding="UTF-8"?>
<testExecutions version="1">
  <file path="/mnt/c/Users/Mengty/Documents/project/nodejs/nodejs-crud-basic/test/user.test.js">
    <testCase name="insert insert user" duration="131"/>
    <testCase name="insert gets user" duration="38"/>
    <testCase name="insert update user" duration="29"/>
    <testCase name="insert delete user" duration="21"/>
  </file>
  <file path="/mnt/c/Users/Mengty/Documents/project/nodejs/nodejs-crud-basic/test/sum.test.js">
    <testCase name="adds 1 + 2 to equal 3" duration="3"/>
  </file>
</testExecutions>